2022-12-08 18:31:18,180 - stdatamodels.util - DEBUG - Environmental "STRICT_VALIDATION" cannot be found. Using default value of "False".
2022-12-08 18:31:18,180 - stpipe - DEBUG - Environmental "STRICT_VALIDATION" cannot be found. Using default value of "False".
2022-12-08 18:31:18,180 - stdatamodels.util - DEBUG - Environmental "VALIDATE_ON_ASSIGNMENT" cannot be found. Using default value of "True".
2022-12-08 18:31:18,180 - stpipe - DEBUG - Environmental "VALIDATE_ON_ASSIGNMENT" cannot be found. Using default value of "True".
2022-12-08 18:31:18,184 - stdatamodels.util - DEBUG - Environmental "SKIP_FITS_UPDATE" cannot be found. Using default value of "None".
2022-12-08 18:31:18,184 - stpipe - DEBUG - Environmental "SKIP_FITS_UPDATE" cannot be found. Using default value of "None".
2022-12-08 18:31:18,247 - stdatamodels.util - DEBUG - Environmental "STRICT_VALIDATION" cannot be found. Using default value of "False".
2022-12-08 18:31:18,247 - stpipe - DEBUG - Environmental "STRICT_VALIDATION" cannot be found. Using default value of "False".
2022-12-08 18:31:18,248 - stdatamodels.util - DEBUG - Environmental "VALIDATE_ON_ASSIGNMENT" cannot be found. Using default value of "True".
2022-12-08 18:31:18,248 - stpipe - DEBUG - Environmental "VALIDATE_ON_ASSIGNMENT" cannot be found. Using default value of "True".
2022-12-08 18:31:18,255 - stdatamodels.util - DEBUG - Environmental "SKIP_FITS_UPDATE" cannot be found. Using default value of "None".
2022-12-08 18:31:18,255 - stpipe - DEBUG - Environmental "SKIP_FITS_UPDATE" cannot be found. Using default value of "None".
2022-12-08 18:31:18,486 - stdatamodels.util - DEBUG - Environmental "STRICT_VALIDATION" cannot be found. Using default value of "False".
2022-12-08 18:31:18,486 - stpipe - DEBUG - Environmental "STRICT_VALIDATION" cannot be found. Using default value of "False".
2022-12-08 18:31:18,486 - stdatamodels.util - DEBUG - Environmental "VALIDATE_ON_ASSIGNMENT" cannot be found. Using default value of "True".
2022-12-08 18:31:18,486 - stpipe - DEBUG - Environmental "VALIDATE_ON_ASSIGNMENT" cannot be found. Using default value of "True".
2022-12-08 18:31:18,497 - stdatamodels.util - DEBUG - Environmental "SKIP_FITS_UPDATE" cannot be found. Using default value of "None".
2022-12-08 18:31:18,497 - stpipe - DEBUG - Environmental "SKIP_FITS_UPDATE" cannot be found. Using default value of "None".
2022-12-08 18:31:18,602 - stdatamodels.util - DEBUG - Environmental "STRICT_VALIDATION" cannot be found. Using default value of "False".
2022-12-08 18:31:18,602 - stpipe - DEBUG - Environmental "STRICT_VALIDATION" cannot be found. Using default value of "False".
2022-12-08 18:31:18,602 - stdatamodels.util - DEBUG - Environmental "VALIDATE_ON_ASSIGNMENT" cannot be found. Using default value of "True".
2022-12-08 18:31:18,602 - stpipe - DEBUG - Environmental "VALIDATE_ON_ASSIGNMENT" cannot be found. Using default value of "True".
2022-12-08 18:31:18,622 - stdatamodels.util - DEBUG - Environmental "SKIP_FITS_UPDATE" cannot be found. Using default value of "None".
2022-12-08 18:31:18,622 - stpipe - DEBUG - Environmental "SKIP_FITS_UPDATE" cannot be found. Using default value of "None".
2022-12-08 18:31:56,031 - stdatamodels.util - DEBUG - Environmental "STRICT_VALIDATION" cannot be found. Using default value of "False".
2022-12-08 18:31:56,031 - stpipe - DEBUG - Environmental "STRICT_VALIDATION" cannot be found. Using default value of "False".
2022-12-08 18:31:56,032 - stdatamodels.util - DEBUG - Environmental "VALIDATE_ON_ASSIGNMENT" cannot be found. Using default value of "True".
2022-12-08 18:31:56,032 - stpipe - DEBUG - Environmental "VALIDATE_ON_ASSIGNMENT" cannot be found. Using default value of "True".
2022-12-08 18:31:56,038 - stdatamodels.util - DEBUG - Environmental "SKIP_FITS_UPDATE" cannot be found. Using default value of "None".
2022-12-08 18:31:56,038 - stpipe - DEBUG - Environmental "SKIP_FITS_UPDATE" cannot be found. Using default value of "None".
2022-12-08 18:31:56,127 - stdatamodels.util - DEBUG - Environmental "STRICT_VALIDATION" cannot be found. Using default value of "False".
2022-12-08 18:31:56,127 - stpipe - DEBUG - Environmental "STRICT_VALIDATION" cannot be found. Using default value of "False".
2022-12-08 18:31:56,127 - stdatamodels.util - DEBUG - Environmental "VALIDATE_ON_ASSIGNMENT" cannot be found. Using default value of "True".
2022-12-08 18:31:56,127 - stpipe - DEBUG - Environmental "VALIDATE_ON_ASSIGNMENT" cannot be found. Using default value of "True".
2022-12-08 18:31:56,136 - stdatamodels.util - DEBUG - Environmental "SKIP_FITS_UPDATE" cannot be found. Using default value of "None".
2022-12-08 18:31:56,136 - stpipe - DEBUG - Environmental "SKIP_FITS_UPDATE" cannot be found. Using default value of "None".
2022-12-08 18:31:56,220 - stdatamodels.util - DEBUG - Environmental "STRICT_VALIDATION" cannot be found. Using default value of "False".
2022-12-08 18:31:56,220 - stpipe - DEBUG - Environmental "STRICT_VALIDATION" cannot be found. Using default value of "False".
2022-12-08 18:31:56,220 - stdatamodels.util - DEBUG - Environmental "VALIDATE_ON_ASSIGNMENT" cannot be found. Using default value of "True".
2022-12-08 18:31:56,220 - stpipe - DEBUG - Environmental "VALIDATE_ON_ASSIGNMENT" cannot be found. Using default value of "True".
2022-12-08 18:31:56,557 - stdatamodels.util - DEBUG - Environmental "STRICT_VALIDATION" cannot be found. Using default value of "False".
2022-12-08 18:31:56,557 - stpipe - DEBUG - Environmental "STRICT_VALIDATION" cannot be found. Using default value of "False".
2022-12-08 18:31:56,557 - stdatamodels.util - DEBUG - Environmental "VALIDATE_ON_ASSIGNMENT" cannot be found. Using default value of "True".
2022-12-08 18:31:56,557 - stpipe - DEBUG - Environmental "VALIDATE_ON_ASSIGNMENT" cannot be found. Using default value of "True".
2022-12-08 18:31:56,564 - stdatamodels.util - DEBUG - Environmental "SKIP_FITS_UPDATE" cannot be found. Using default value of "None".
2022-12-08 18:31:56,564 - stpipe - DEBUG - Environmental "SKIP_FITS_UPDATE" cannot be found. Using default value of "None".
2022-12-08 18:31:56,648 - stdatamodels.util - DEBUG - Environmental "STRICT_VALIDATION" cannot be found. Using default value of "False".
2022-12-08 18:31:56,648 - stpipe - DEBUG - Environmental "STRICT_VALIDATION" cannot be found. Using default value of "False".
2022-12-08 18:31:56,648 - stdatamodels.util - DEBUG - Environmental "VALIDATE_ON_ASSIGNMENT" cannot be found. Using default value of "True".
2022-12-08 18:31:56,648 - stpipe - DEBUG - Environmental "VALIDATE_ON_ASSIGNMENT" cannot be found. Using default value of "True".
2022-12-08 18:31:56,653 - stdatamodels.util - DEBUG - Environmental "SKIP_FITS_UPDATE" cannot be found. Using default value of "None".
2022-12-08 18:31:56,653 - stpipe - DEBUG - Environmental "SKIP_FITS_UPDATE" cannot be found. Using default value of "None".
2022-12-08 18:31:59,324 - stdatamodels.util - DEBUG - Environmental "STRICT_VALIDATION" cannot be found. Using default value of "False".
2022-12-08 18:31:59,324 - stpipe - DEBUG - Environmental "STRICT_VALIDATION" cannot be found. Using default value of "False".
2022-12-08 18:31:59,324 - stdatamodels.util - DEBUG - Environmental "VALIDATE_ON_ASSIGNMENT" cannot be found. Using default value of "True".
2022-12-08 18:31:59,324 - stpipe - DEBUG - Environmental "VALIDATE_ON_ASSIGNMENT" cannot be found. Using default value of "True".
2022-12-08 18:31:59,336 - stdatamodels.util - DEBUG - Environmental "SKIP_FITS_UPDATE" cannot be found. Using default value of "None".
2022-12-08 18:31:59,336 - stpipe - DEBUG - Environmental "SKIP_FITS_UPDATE" cannot be found. Using default value of "None".
2022-12-08 18:32:01,416 - stdatamodels.util - DEBUG - Environmental "STRICT_VALIDATION" cannot be found. Using default value of "False".
2022-12-08 18:32:01,416 - stpipe - DEBUG - Environmental "STRICT_VALIDATION" cannot be found. Using default value of "False".
2022-12-08 18:32:01,416 - stdatamodels.util - DEBUG - Environmental "VALIDATE_ON_ASSIGNMENT" cannot be found. Using default value of "True".
2022-12-08 18:32:01,416 - stpipe - DEBUG - Environmental "VALIDATE_ON_ASSIGNMENT" cannot be found. Using default value of "True".
2022-12-08 18:32:01,425 - stdatamodels.util - DEBUG - Environmental "SKIP_FITS_UPDATE" cannot be found. Using default value of "None".
2022-12-08 18:32:01,425 - stpipe - DEBUG - Environmental "SKIP_FITS_UPDATE" cannot be found. Using default value of "None".
2022-12-08 18:32:01,485 - stdatamodels.util - DEBUG - Environmental "STRICT_VALIDATION" cannot be found. Using default value of "False".
2022-12-08 18:32:01,485 - stpipe - DEBUG - Environmental "STRICT_VALIDATION" cannot be found. Using default value of "False".
2022-12-08 18:32:01,485 - stdatamodels.util - DEBUG - Environmental "VALIDATE_ON_ASSIGNMENT" cannot be found. Using default value of "True".
2022-12-08 18:32:01,485 - stpipe - DEBUG - Environmental "VALIDATE_ON_ASSIGNMENT" cannot be found. Using default value of "True".
2022-12-08 18:32:01,495 - stdatamodels.util - DEBUG - Environmental "SKIP_FITS_UPDATE" cannot be found. Using default value of "None".
2022-12-08 18:32:01,495 - stpipe - DEBUG - Environmental "SKIP_FITS_UPDATE" cannot be found. Using default value of "None".
2022-12-08 18:32:01,628 - stdatamodels.util - DEBUG - Environmental "STRICT_VALIDATION" cannot be found. Using default value of "False".
2022-12-08 18:32:01,628 - stpipe - DEBUG - Environmental "STRICT_VALIDATION" cannot be found. Using default value of "False".
2022-12-08 18:32:01,628 - stdatamodels.util - DEBUG - Environmental "VALIDATE_ON_ASSIGNMENT" cannot be found. Using default value of "True".
2022-12-08 18:32:01,628 - stpipe - DEBUG - Environmental "VALIDATE_ON_ASSIGNMENT" cannot be found. Using default value of "True".
2022-12-08 18:32:01,641 - stdatamodels.util - DEBUG - Environmental "SKIP_FITS_UPDATE" cannot be found. Using default value of "None".
2022-12-08 18:32:01,641 - stpipe - DEBUG - Environmental "SKIP_FITS_UPDATE" cannot be found. Using default value of "None".
2022-12-08 18:32:01,858 - stdatamodels.util - DEBUG - Environmental "STRICT_VALIDATION" cannot be found. Using default value of "False".
2022-12-08 18:32:01,858 - stpipe - DEBUG - Environmental "STRICT_VALIDATION" cannot be found. Using default value of "False".
2022-12-08 18:32:01,858 - stdatamodels.util - DEBUG - Environmental "VALIDATE_ON_ASSIGNMENT" cannot be found. Using default value of "True".
2022-12-08 18:32:01,858 - stpipe - DEBUG - Environmental "VALIDATE_ON_ASSIGNMENT" cannot be found. Using default value of "True".
2022-12-08 18:32:01,863 - stdatamodels.util - DEBUG - Environmental "SKIP_FITS_UPDATE" cannot be found. Using default value of "None".
2022-12-08 18:32:01,863 - stpipe - DEBUG - Environmental "SKIP_FITS_UPDATE" cannot be found. Using default value of "None".
2022-12-08 18:32:02,016 - stdatamodels.util - DEBUG - Environmental "STRICT_VALIDATION" cannot be found. Using default value of "False".
2022-12-08 18:32:02,016 - stpipe - DEBUG - Environmental "STRICT_VALIDATION" cannot be found. Using default value of "False".
2022-12-08 18:32:02,016 - stdatamodels.util - DEBUG - Environmental "VALIDATE_ON_ASSIGNMENT" cannot be found. Using default value of "True".
2022-12-08 18:32:02,016 - stpipe - DEBUG - Environmental "VALIDATE_ON_ASSIGNMENT" cannot be found. Using default value of "True".
2022-12-08 18:32:24,077 - miri.exposure_model - DEBUG - Adding DARK array of shape (2, 200, 1024, 1032) to data array of shape (2, 45, 1280, 1032)
2022-12-08 18:32:24,077 - stpipe - DEBUG - Adding DARK array of shape (2, 200, 1024, 1032) to data array of shape (2, 45, 1280, 1032)
2022-12-08 18:32:24,545 - miri.exposure_model - DEBUG - 6438 negative pixels after adding DARK.
2022-12-08 18:32:24,545 - stpipe - DEBUG - 6438 negative pixels after adding DARK.
2022-12-08 18:32:24,826 - miri.exposure_model - DEBUG - Applying linearity translation table of length 72650 to columns 0-516
2022-12-08 18:32:24,826 - stpipe - DEBUG - Applying linearity translation table of length 72650 to columns 0-516
2022-12-08 18:32:26,135 - miri.exposure_model - DEBUG - Applying linearity translation table of length 72650 to columns 516-1032
2022-12-08 18:32:26,135 - stpipe - DEBUG - Applying linearity translation table of length 72650 to columns 516-1032
2022-12-08 18:32:31,683 - stdatamodels.util - DEBUG - Environmental "STRICT_VALIDATION" cannot be found. Using default value of "False".
2022-12-08 18:32:31,683 - stpipe - DEBUG - Environmental "STRICT_VALIDATION" cannot be found. Using default value of "False".
2022-12-08 18:32:31,684 - stdatamodels.util - DEBUG - Environmental "VALIDATE_ON_ASSIGNMENT" cannot be found. Using default value of "True".
2022-12-08 18:32:31,684 - stpipe - DEBUG - Environmental "VALIDATE_ON_ASSIGNMENT" cannot be found. Using default value of "True".
2022-12-08 18:32:31,690 - stdatamodels.util - DEBUG - Environmental "SKIP_FITS_UPDATE" cannot be found. Using default value of "None".
2022-12-08 18:32:31,690 - stpipe - DEBUG - Environmental "SKIP_FITS_UPDATE" cannot be found. Using default value of "None".
2022-12-08 18:32:31,771 - stdatamodels.util - DEBUG - Environmental "STRICT_VALIDATION" cannot be found. Using default value of "False".
2022-12-08 18:32:31,771 - stpipe - DEBUG - Environmental "STRICT_VALIDATION" cannot be found. Using default value of "False".
2022-12-08 18:32:31,771 - stdatamodels.util - DEBUG - Environmental "VALIDATE_ON_ASSIGNMENT" cannot be found. Using default value of "True".
2022-12-08 18:32:31,771 - stpipe - DEBUG - Environmental "VALIDATE_ON_ASSIGNMENT" cannot be found. Using default value of "True".
2022-12-08 18:32:31,777 - stdatamodels.util - DEBUG - Environmental "SKIP_FITS_UPDATE" cannot be found. Using default value of "None".
2022-12-08 18:32:31,777 - stpipe - DEBUG - Environmental "SKIP_FITS_UPDATE" cannot be found. Using default value of "None".
2022-12-08 18:32:31,843 - stdatamodels.util - DEBUG - Environmental "STRICT_VALIDATION" cannot be found. Using default value of "False".
2022-12-08 18:32:31,843 - stpipe - DEBUG - Environmental "STRICT_VALIDATION" cannot be found. Using default value of "False".
2022-12-08 18:32:31,843 - stdatamodels.util - DEBUG - Environmental "VALIDATE_ON_ASSIGNMENT" cannot be found. Using default value of "True".
2022-12-08 18:32:31,843 - stpipe - DEBUG - Environmental "VALIDATE_ON_ASSIGNMENT" cannot be found. Using default value of "True".
2022-12-08 18:32:31,852 - stdatamodels.util - DEBUG - Environmental "SKIP_FITS_UPDATE" cannot be found. Using default value of "None".
2022-12-08 18:32:31,852 - stpipe - DEBUG - Environmental "SKIP_FITS_UPDATE" cannot be found. Using default value of "None".
2022-12-08 18:32:33,820 - stdatamodels.util - DEBUG - Environmental "STRICT_VALIDATION" cannot be found. Using default value of "False".
2022-12-08 18:32:33,820 - stpipe - DEBUG - Environmental "STRICT_VALIDATION" cannot be found. Using default value of "False".
2022-12-08 18:32:33,821 - stdatamodels.util - DEBUG - Environmental "VALIDATE_ON_ASSIGNMENT" cannot be found. Using default value of "True".
2022-12-08 18:32:33,821 - stpipe - DEBUG - Environmental "VALIDATE_ON_ASSIGNMENT" cannot be found. Using default value of "True".
2022-12-08 18:32:33,934 - stdatamodels.util - DEBUG - Environmental "SKIP_FITS_UPDATE" cannot be found. Using default value of "None".
2022-12-08 18:32:33,934 - stpipe - DEBUG - Environmental "SKIP_FITS_UPDATE" cannot be found. Using default value of "None".
2022-12-08 18:32:33,990 - stdatamodels.util - DEBUG - Environmental "STRICT_VALIDATION" cannot be found. Using default value of "False".
2022-12-08 18:32:33,990 - stpipe - DEBUG - Environmental "STRICT_VALIDATION" cannot be found. Using default value of "False".
2022-12-08 18:32:33,990 - stdatamodels.util - DEBUG - Environmental "VALIDATE_ON_ASSIGNMENT" cannot be found. Using default value of "True".
2022-12-08 18:32:33,990 - stpipe - DEBUG - Environmental "VALIDATE_ON_ASSIGNMENT" cannot be found. Using default value of "True".
2022-12-08 18:32:33,997 - stdatamodels.util - DEBUG - Environmental "SKIP_FITS_UPDATE" cannot be found. Using default value of "None".
2022-12-08 18:32:33,997 - stpipe - DEBUG - Environmental "SKIP_FITS_UPDATE" cannot be found. Using default value of "None".
2022-12-08 18:32:34,087 - stdatamodels.util - DEBUG - Environmental "STRICT_VALIDATION" cannot be found. Using default value of "False".
2022-12-08 18:32:34,087 - stpipe - DEBUG - Environmental "STRICT_VALIDATION" cannot be found. Using default value of "False".
2022-12-08 18:32:34,088 - stdatamodels.util - DEBUG - Environmental "VALIDATE_ON_ASSIGNMENT" cannot be found. Using default value of "True".
2022-12-08 18:32:34,088 - stpipe - DEBUG - Environmental "VALIDATE_ON_ASSIGNMENT" cannot be found. Using default value of "True".
2022-12-08 18:32:34,099 - stdatamodels.util - DEBUG - Environmental "SKIP_FITS_UPDATE" cannot be found. Using default value of "None".
2022-12-08 18:32:34,099 - stpipe - DEBUG - Environmental "SKIP_FITS_UPDATE" cannot be found. Using default value of "None".
2022-12-08 18:32:34,274 - stdatamodels.util - DEBUG - Environmental "STRICT_VALIDATION" cannot be found. Using default value of "False".
2022-12-08 18:32:34,274 - stpipe - DEBUG - Environmental "STRICT_VALIDATION" cannot be found. Using default value of "False".
2022-12-08 18:32:34,274 - stdatamodels.util - DEBUG - Environmental "VALIDATE_ON_ASSIGNMENT" cannot be found. Using default value of "True".
2022-12-08 18:32:34,274 - stpipe - DEBUG - Environmental "VALIDATE_ON_ASSIGNMENT" cannot be found. Using default value of "True".
2022-12-08 18:32:34,280 - stdatamodels.util - DEBUG - Environmental "SKIP_FITS_UPDATE" cannot be found. Using default value of "None".
2022-12-08 18:32:34,280 - stpipe - DEBUG - Environmental "SKIP_FITS_UPDATE" cannot be found. Using default value of "None".
2022-12-08 18:32:34,454 - stdatamodels.util - DEBUG - Environmental "STRICT_VALIDATION" cannot be found. Using default value of "False".
2022-12-08 18:32:34,454 - stpipe - DEBUG - Environmental "STRICT_VALIDATION" cannot be found. Using default value of "False".
2022-12-08 18:32:34,472 - stdatamodels.util - DEBUG - Environmental "VALIDATE_ON_ASSIGNMENT" cannot be found. Using default value of "True".
2022-12-08 18:32:34,472 - stpipe - DEBUG - Environmental "VALIDATE_ON_ASSIGNMENT" cannot be found. Using default value of "True".
2022-12-08 18:32:55,786 - miri.exposure_model - DEBUG - Adding DARK array of shape (2, 200, 1024, 1032) to data array of shape (2, 45, 1280, 1032)
2022-12-08 18:32:55,786 - stpipe - DEBUG - Adding DARK array of shape (2, 200, 1024, 1032) to data array of shape (2, 45, 1280, 1032)
2022-12-08 18:32:56,307 - miri.exposure_model - DEBUG - 6435 negative pixels after adding DARK.
2022-12-08 18:32:56,307 - stpipe - DEBUG - 6435 negative pixels after adding DARK.
2022-12-08 18:32:56,620 - miri.exposure_model - DEBUG - Applying linearity translation table of length 72650 to columns 0-516
2022-12-08 18:32:56,620 - stpipe - DEBUG - Applying linearity translation table of length 72650 to columns 0-516
2022-12-08 18:32:57,926 - miri.exposure_model - DEBUG - Applying linearity translation table of length 72650 to columns 516-1032
2022-12-08 18:32:57,926 - stpipe - DEBUG - Applying linearity translation table of length 72650 to columns 516-1032
2022-12-08 18:33:03,586 - stdatamodels.util - DEBUG - Environmental "STRICT_VALIDATION" cannot be found. Using default value of "False".
2022-12-08 18:33:03,586 - stpipe - DEBUG - Environmental "STRICT_VALIDATION" cannot be found. Using default value of "False".
2022-12-08 18:33:03,588 - stdatamodels.util - DEBUG - Environmental "VALIDATE_ON_ASSIGNMENT" cannot be found. Using default value of "True".
2022-12-08 18:33:03,588 - stpipe - DEBUG - Environmental "VALIDATE_ON_ASSIGNMENT" cannot be found. Using default value of "True".
2022-12-08 18:33:03,596 - stdatamodels.util - DEBUG - Environmental "SKIP_FITS_UPDATE" cannot be found. Using default value of "None".
2022-12-08 18:33:03,596 - stpipe - DEBUG - Environmental "SKIP_FITS_UPDATE" cannot be found. Using default value of "None".
2022-12-08 18:33:03,680 - stdatamodels.util - DEBUG - Environmental "STRICT_VALIDATION" cannot be found. Using default value of "False".
2022-12-08 18:33:03,680 - stpipe - DEBUG - Environmental "STRICT_VALIDATION" cannot be found. Using default value of "False".
2022-12-08 18:33:03,680 - stdatamodels.util - DEBUG - Environmental "VALIDATE_ON_ASSIGNMENT" cannot be found. Using default value of "True".
2022-12-08 18:33:03,680 - stpipe - DEBUG - Environmental "VALIDATE_ON_ASSIGNMENT" cannot be found. Using default value of "True".
2022-12-08 18:33:03,687 - stdatamodels.util - DEBUG - Environmental "SKIP_FITS_UPDATE" cannot be found. Using default value of "None".
2022-12-08 18:33:03,687 - stpipe - DEBUG - Environmental "SKIP_FITS_UPDATE" cannot be found. Using default value of "None".
2022-12-08 18:33:03,864 - stdatamodels.util - DEBUG - Environmental "STRICT_VALIDATION" cannot be found. Using default value of "False".
2022-12-08 18:33:03,864 - stpipe - DEBUG - Environmental "STRICT_VALIDATION" cannot be found. Using default value of "False".
2022-12-08 18:33:03,864 - stdatamodels.util - DEBUG - Environmental "VALIDATE_ON_ASSIGNMENT" cannot be found. Using default value of "True".
2022-12-08 18:33:03,864 - stpipe - DEBUG - Environmental "VALIDATE_ON_ASSIGNMENT" cannot be found. Using default value of "True".
2022-12-08 18:33:03,874 - stdatamodels.util - DEBUG - Environmental "SKIP_FITS_UPDATE" cannot be found. Using default value of "None".
2022-12-08 18:33:03,874 - stpipe - DEBUG - Environmental "SKIP_FITS_UPDATE" cannot be found. Using default value of "None".
2022-12-08 18:33:06,051 - stdatamodels.util - DEBUG - Environmental "STRICT_VALIDATION" cannot be found. Using default value of "False".
2022-12-08 18:33:06,051 - stpipe - DEBUG - Environmental "STRICT_VALIDATION" cannot be found. Using default value of "False".
2022-12-08 18:33:06,051 - stdatamodels.util - DEBUG - Environmental "VALIDATE_ON_ASSIGNMENT" cannot be found. Using default value of "True".
2022-12-08 18:33:06,051 - stpipe - DEBUG - Environmental "VALIDATE_ON_ASSIGNMENT" cannot be found. Using default value of "True".
2022-12-08 18:33:06,059 - stdatamodels.util - DEBUG - Environmental "SKIP_FITS_UPDATE" cannot be found. Using default value of "None".
2022-12-08 18:33:06,059 - stpipe - DEBUG - Environmental "SKIP_FITS_UPDATE" cannot be found. Using default value of "None".
2022-12-08 18:33:06,117 - stdatamodels.util - DEBUG - Environmental "STRICT_VALIDATION" cannot be found. Using default value of "False".
2022-12-08 18:33:06,117 - stpipe - DEBUG - Environmental "STRICT_VALIDATION" cannot be found. Using default value of "False".
2022-12-08 18:33:06,117 - stdatamodels.util - DEBUG - Environmental "VALIDATE_ON_ASSIGNMENT" cannot be found. Using default value of "True".
2022-12-08 18:33:06,117 - stpipe - DEBUG - Environmental "VALIDATE_ON_ASSIGNMENT" cannot be found. Using default value of "True".
2022-12-08 18:33:06,124 - stdatamodels.util - DEBUG - Environmental "SKIP_FITS_UPDATE" cannot be found. Using default value of "None".
2022-12-08 18:33:06,124 - stpipe - DEBUG - Environmental "SKIP_FITS_UPDATE" cannot be found. Using default value of "None".
2022-12-08 18:33:06,223 - stdatamodels.util - DEBUG - Environmental "STRICT_VALIDATION" cannot be found. Using default value of "False".
2022-12-08 18:33:06,223 - stpipe - DEBUG - Environmental "STRICT_VALIDATION" cannot be found. Using default value of "False".
2022-12-08 18:33:06,224 - stdatamodels.util - DEBUG - Environmental "VALIDATE_ON_ASSIGNMENT" cannot be found. Using default value of "True".
2022-12-08 18:33:06,224 - stpipe - DEBUG - Environmental "VALIDATE_ON_ASSIGNMENT" cannot be found. Using default value of "True".
2022-12-08 18:33:06,234 - stdatamodels.util - DEBUG - Environmental "SKIP_FITS_UPDATE" cannot be found. Using default value of "None".
2022-12-08 18:33:06,234 - stpipe - DEBUG - Environmental "SKIP_FITS_UPDATE" cannot be found. Using default value of "None".
2022-12-08 18:33:06,427 - stdatamodels.util - DEBUG - Environmental "STRICT_VALIDATION" cannot be found. Using default value of "False".
2022-12-08 18:33:06,427 - stpipe - DEBUG - Environmental "STRICT_VALIDATION" cannot be found. Using default value of "False".
2022-12-08 18:33:06,428 - stdatamodels.util - DEBUG - Environmental "VALIDATE_ON_ASSIGNMENT" cannot be found. Using default value of "True".
2022-12-08 18:33:06,428 - stpipe - DEBUG - Environmental "VALIDATE_ON_ASSIGNMENT" cannot be found. Using default value of "True".
2022-12-08 18:33:06,431 - stdatamodels.util - DEBUG - Environmental "SKIP_FITS_UPDATE" cannot be found. Using default value of "None".
2022-12-08 18:33:06,431 - stpipe - DEBUG - Environmental "SKIP_FITS_UPDATE" cannot be found. Using default value of "None".
2022-12-08 18:33:06,615 - stdatamodels.util - DEBUG - Environmental "STRICT_VALIDATION" cannot be found. Using default value of "False".
2022-12-08 18:33:06,615 - stpipe - DEBUG - Environmental "STRICT_VALIDATION" cannot be found. Using default value of "False".
2022-12-08 18:33:06,615 - stdatamodels.util - DEBUG - Environmental "VALIDATE_ON_ASSIGNMENT" cannot be found. Using default value of "True".
2022-12-08 18:33:06,615 - stpipe - DEBUG - Environmental "VALIDATE_ON_ASSIGNMENT" cannot be found. Using default value of "True".
